"blank"			"=========================="
"blank"			"#Valve_Movement_Title"
"blank"			"=========================="
"+forward"		"#Valve_Move_Forward"
"+back"			"#Valve_Move_Back"
"+moveleft"		"#Valve_Move_Left"
"+moveright"	"#Valve_Move_Right"
"+right"		"#Valve_Turn_Right"
"+left"			"#Valve_Turn_Left"
"+jump"			"#Valve_Jump"
"toggle_jump"   "#MOM_Toggle_Jump"
"+duck"			"#Valve_Duck"
"toggle_duck"   "#MOM_Toggle_Duck"
"+speed"        "#Valve_Sprint"
"toggle_sprint" "#MOM_Toggle_Sprint"
"+walk"         "#Valve_Walk"
"toggle_walk"   "#MOM_Toggle_Walk"
"blank"			"=========================="
"blank"			"#MOM_Controls_Title"
"blank"			"=========================="
"mom_restart"	"#MOM_Controls_Restart"
"mom_restart_stage"	"#MOM_Controls_RestartStage"
"mom_timer_stop" "#MOM_Controls_StopTimer"
"+showtimes"    "#MOM_Controls_ToggleTimes"
"+show_lobby_members" "#MOM_Controls_ToggleLobbyMembers"
"mom_saveloc_show"	"#MOM_Controls_ToggleSavelocMenu"
"mom_practice"  "#MOM_Controls_Practice"
"showRuler"		"#MOM_Ruler_ToggleMenu"
"chat_open"   "#Valve_Chat_Message"
"+paint"        "#MOM_Controls_Paint"
"mom_start_mark_create" "#MOM_Controls_CreateStartMark"
"mom_start_mark_clear" "#MOM_Controls_ClearStartMark"
"blank"			"=========================="
"blank"			"#Valve_Combat_Title"
"blank"			"=========================="
"+attack"		"#Valve_Primary_Attack"
"+attack2"		"#Valve_Secondary_Attack"
"+reload"		"#Valve_Reload_Weapon"
"+use"			"#Valve_Use_Items"
"impulse 100"	"#Valve_Flashlight"
"drop"          "#MOM_Controls_Drop"
"slot1"         "#Valve_Weapon_Category_1"
"slot2"         "#Valve_Weapon_Category_2"
"slot3"         "#Valve_Weapon_Category_3"
"slot4"         "#Valve_Weapon_Category_4"
"slot5"         "#Valve_Weapon_Category_5"
"blank"			"=========================="
"blank"			"#Valve_Miscellaneous_Title"
"blank"			"=========================="
"jpeg"			"#Valve_Take_Screen_Shot"
"quit"			"#Valve_Quit_Game"
"toggleconsole"	"#Valve_Console_Toggle"

